2026-03-14 10:36:29,624 - INFO - 成功加载 9 只监控股票
2026-03-14 10:36:29,626 - INFO - ====== 开始新一轮监控 ======
2026-03-14 10:36:29,627 - INFO - --- 正在检查 消费ETF(159928) ---
2026-03-14 10:37:00,276 - INFO - [消费ETF] 数据时间: 2026-03-14 10:36:31
2026-03-14 10:37:00,277 - INFO - [消费ETF] 当前RSI - 日线: 65.66, 周线: 44.46
2026-03-14 10:37:00,280 - INFO - --- 正在检查 中药ETF(159647) ---
2026-03-14 10:37:28,539 - INFO - [中药ETF] 数据时间: 2026-03-14 10:37:02
2026-03-14 10:37:28,539 - INFO - [中药ETF] 当前RSI - 日线: 42.18, 周线: 33.76
2026-03-14 10:37:28,542 - INFO - --- 正在检查 红利ETF华泰柏瑞(510880) ---
2026-03-14 10:37:54,231 - INFO - [红利ETF华泰柏瑞] 数据时间: 2026-03-14 10:37:31
2026-03-14 10:37:54,232 - INFO - [红利ETF华泰柏瑞] 当前RSI - 日线: 67.27, 周线: 84.35
2026-03-14 10:37:54,235 - INFO - --- 正在检查 圣邦股份(300661) ---
2026-03-14 10:41:31,312 - WARNING - 获取300661实时快照失败: '开盘价'
2026-03-14 10:41:32,980 - INFO - [圣邦股份] 数据时间: 2026-03-13 00:00:00
2026-03-14 10:41:32,981 - INFO - [圣邦股份] 当前RSI - 日线: 59.21, 周线: 56.81
2026-03-14 10:41:36,036 - WARNING - 获取000001实时快照失败: '000001'
2026-03-14 10:41:36,655 - WARNING - 获取399006实时快照失败: '399006'
2026-03-14 10:41:36,664 - INFO - --- 正在检查 豪威集团(603501) ---
2026-03-14 10:42:15,081 - INFO - 成功加载 9 只监控股票
2026-03-14 10:42:15,082 - INFO - ====== 开始新一轮监控 ======
2026-03-14 10:42:15,082 - INFO - --- 正在检查 消费ETF(159928) ---
2026-03-14 10:42:33,490 - INFO - [消费ETF] 数据时间: 2026-03-14 10:42:18
2026-03-14 10:42:33,490 - INFO - [消费ETF] 当前RSI - 日线: 65.66, 周线: 44.46
2026-03-14 10:42:33,492 - INFO - --- 正在检查 中药ETF(159647) ---
2026-03-14 10:42:49,368 - INFO - [中药ETF] 数据时间: 2026-03-14 10:42:33
2026-03-14 10:42:49,368 - INFO - [中药ETF] 当前RSI - 日线: 42.18, 周线: 33.76
2026-03-14 10:42:49,370 - INFO - --- 正在检查 红利ETF华泰柏瑞(510880) ---
2026-03-14 10:43:05,109 - INFO - [红利ETF华泰柏瑞] 数据时间: 2026-03-14 10:42:49
2026-03-14 10:43:05,109 - INFO - [红利ETF华泰柏瑞] 当前RSI - 日线: 67.27, 周线: 84.35
2026-03-14 10:43:05,111 - INFO - --- 正在检查 圣邦股份(300661) ---
2026-03-14 10:44:06,563 - WARNING - 获取300661实时快照失败: '开盘价'
2026-03-14 10:44:06,750 - INFO - [圣邦股份] 数据时间: 2026-03-13 00:00:00
2026-03-14 10:44:06,751 - INFO - [圣邦股份] 当前RSI - 日线: 59.21, 周线: 56.81
2026-03-14 10:44:07,078 - WARNING - 获取000001实时快照失败: '000001'
2026-03-14 10:44:07,311 - WARNING - 获取399006实时快照失败: '399006'
2026-03-14 10:44:07,317 - INFO - --- 正在检查 豪威集团(603501) ---
2026-03-14 10:45:11,368 - WARNING - 获取603501实时快照失败: '开盘价'
2026-03-14 10:45:11,553 - INFO - [豪威集团] 数据时间: 2026-03-13 00:00:00
2026-03-14 10:45:11,554 - INFO - [豪威集团] 当前RSI - 日线: 31.34, 周线: 31.41
2026-03-14 10:45:11,848 - WARNING - 获取000001实时快照失败: '000001'
2026-03-14 10:45:12,084 - WARNING - 获取399006实时快照失败: '399006'
2026-03-14 10:45:12,091 - INFO - --- 正在检查 德赛西威(002920) ---
2026-03-14 10:46:14,884 - WARNING - 获取002920实时快照失败: '开盘价'
2026-03-14 10:46:15,075 - INFO - [德赛西威] 数据时间: 2026-03-13 00:00:00
2026-03-14 10:46:15,077 - INFO - [德赛西威] 当前RSI - 日线: 45.61, 周线: 40.08
2026-03-14 10:46:15,336 - WARNING - 获取000001实时快照失败: '000001'
2026-03-14 10:46:15,502 - WARNING - 获取399006实时快照失败: '399006'
2026-03-14 10:46:15,508 - INFO - --- 正在检查 兴业银行(601166) ---
2026-03-14 10:47:20,229 - WARNING - 获取601166实时快照失败: '开盘价'
2026-03-14 10:47:20,401 - INFO - [兴业银行] 数据时间: 2026-03-13 00:00:00
2026-03-14 10:47:20,401 - INFO - [兴业银行] 当前RSI - 日线: 68.70, 周线: 44.45
2026-03-14 10:47:20,402 - INFO - --- 正在检查 伊利股份(600887) ---
2026-03-14 10:47:55,919 - INFO - 成功加载 22 只监控股票
2026-03-14 10:47:55,920 - INFO - ====== 开始新一轮监控 ======
2026-03-14 10:47:55,920 - INFO - --- 正在检查 消费ETF(159928) ---
2026-03-14 10:48:10,386 - INFO - [消费ETF] 数据时间: 2026-03-14 10:47:56
2026-03-14 10:48:10,386 - INFO - [消费ETF] 当前RSI - 日线: 65.66, 周线: 44.46
2026-03-14 10:48:10,387 - INFO - --- 正在检查 中药ETF(159647) ---
